2024-12-17 15:02:25.041234: E external/local_xla/xla/stream_executor/cuda/cuda_fft.cc:477] Unable to register cuFFT factory: Attempting to register factory for plugin cuFFT when one has already been registered
WARNING: All log messages before absl::InitializeLog() is called are written to STDERR
E0000 00:00:1734444145.061145 3582169 cuda_dnn.cc:8310] Unable to register cuDNN factory: Attempting to register factory for plugin cuDNN when one has already been registered
E0000 00:00:1734444145.068046 3582169 cuda_blas.cc:1418] Unable to register cuBLAS factory: Attempting to register factory for plugin cuBLAS when one has already been registered
2024-12-17 15:02:25.092536: I tensorflow/core/platform/cpu_feature_guard.cc:210] This TensorFlow binary is optimized to use available CPU instructions in performance-critical operations.
To enable the following instructions: AVX2 FMA, in other operations, rebuild TensorFlow with the appropriate compiler flags.
/work/haarscheid/cancer_baseline2/cancer_baseline/Graphs/final_run.py:121: SettingWithCopyWarning: 
A value is trying to be set on a copy of a slice from a DataFrame.
Try using .loc[row_indexer,col_indexer] = value instead

See the caveats in the documentation: https://pandas.pydata.org/pandas-docs/stable/user_guide/indexing.html#returning-a-view-versus-a-copy
  filtered_edges["source_idx"] = filtered_edges["source"].map(node_to_idx)
/work/haarscheid/cancer_baseline2/cancer_baseline/Graphs/final_run.py:122: SettingWithCopyWarning: 
A value is trying to be set on a copy of a slice from a DataFrame.
Try using .loc[row_indexer,col_indexer] = value instead

See the caveats in the documentation: https://pandas.pydata.org/pandas-docs/stable/user_guide/indexing.html#returning-a-view-versus-a-copy
  filtered_edges["target_idx"] = filtered_edges["target"].map(node_to_idx)
[15:03:06] DEPRECATION WARNING: please use MorganGenerator
[15:03:06] DEPRECATION WARNING: please use MorganGenerator
[15:03:06] DEPRECATION WARNING: please use MorganGenerator
[15:03:06] DEPRECATION WARNING: please use MorganGenerator
[15:03:06] DEPRECATION WARNING: please use MorganGenerator
[15:03:06] DEPRECATION WARNING: please use MorganGenerator
[15:03:06] DEPRECATION WARNING: please use MorganGenerator
[15:03:06] DEPRECATION WARNING: please use MorganGenerator
[15:03:06] DEPRECATION WARNING: please use MorganGenerator
[15:03:06] DEPRECATION WARNING: please use MorganGenerator
[15:03:06] DEPRECATION WARNING: please use MorganGenerator
[15:03:06] DEPRECATION WARNING: please use MorganGenerator
[15:03:06] DEPRECATION WARNING: please use MorganGenerator
[15:03:06] DEPRECATION WARNING: please use MorganGenerator
[15:03:06] DEPRECATION WARNING: please use MorganGenerator
[15:03:06] DEPRECATION WARNING: please use MorganGenerator
[15:03:06] DEPRECATION WARNING: please use MorganGenerator
[15:03:06] DEPRECATION WARNING: please use MorganGenerator
[15:03:06] DEPRECATION WARNING: please use MorganGenerator
[15:03:06] DEPRECATION WARNING: please use MorganGenerator
[15:03:06] DEPRECATION WARNING: please use MorganGenerator
[15:03:06] DEPRECATION WARNING: please use MorganGenerator
[15:03:06] DEPRECATION WARNING: please use MorganGenerator
[15:03:06] DEPRECATION WARNING: please use MorganGenerator
[15:03:06] DEPRECATION WARNING: please use MorganGenerator
[15:03:06] DEPRECATION WARNING: please use MorganGenerator
[15:03:06] DEPRECATION WARNING: please use MorganGenerator
[15:03:06] DEPRECATION WARNING: please use MorganGenerator
[15:03:06] DEPRECATION WARNING: please use MorganGenerator
[15:03:06] DEPRECATION WARNING: please use MorganGenerator
[15:03:06] DEPRECATION WARNING: please use MorganGenerator
[15:03:06] DEPRECATION WARNING: please use MorganGenerator
[15:03:06] DEPRECATION WARNING: please use MorganGenerator
[15:03:06] DEPRECATION WARNING: please use MorganGenerator
[15:03:06] DEPRECATION WARNING: please use MorganGenerator
[15:03:06] DEPRECATION WARNING: please use MorganGenerator
[15:03:06] DEPRECATION WARNING: please use MorganGenerator
[15:03:06] DEPRECATION WARNING: please use MorganGenerator
[15:03:06] DEPRECATION WARNING: please use MorganGenerator
[15:03:06] DEPRECATION WARNING: please use MorganGenerator
[15:03:06] DEPRECATION WARNING: please use MorganGenerator
[15:03:06] DEPRECATION WARNING: please use MorganGenerator
[15:03:06] DEPRECATION WARNING: please use MorganGenerator
[15:03:06] DEPRECATION WARNING: please use MorganGenerator
[15:03:06] DEPRECATION WARNING: please use MorganGenerator
[15:03:06] DEPRECATION WARNING: please use MorganGenerator
[15:03:06] DEPRECATION WARNING: please use MorganGenerator
[15:03:06] DEPRECATION WARNING: please use MorganGenerator
[15:03:06] DEPRECATION WARNING: please use MorganGenerator
[15:03:06] DEPRECATION WARNING: please use MorganGenerator
[15:03:06] DEPRECATION WARNING: please use MorganGenerator
[15:03:06] DEPRECATION WARNING: please use MorganGenerator
[15:03:06] DEPRECATION WARNING: please use MorganGenerator
[15:03:06] DEPRECATION WARNING: please use MorganGenerator
[15:03:06] DEPRECATION WARNING: please use MorganGenerator
[15:03:06] DEPRECATION WARNING: please use MorganGenerator
[15:03:06] DEPRECATION WARNING: please use MorganGenerator
[15:03:06] DEPRECATION WARNING: please use MorganGenerator
[15:03:06] DEPRECATION WARNING: please use MorganGenerator
[15:03:06] DEPRECATION WARNING: please use MorganGenerator
[15:03:06] DEPRECATION WARNING: please use MorganGenerator
[15:03:06] DEPRECATION WARNING: please use MorganGenerator
[15:03:06] DEPRECATION WARNING: please use MorganGenerator
[15:03:06] DEPRECATION WARNING: please use MorganGenerator
[15:03:06] DEPRECATION WARNING: please use MorganGenerator
[15:03:06] DEPRECATION WARNING: please use MorganGenerator
[15:03:06] DEPRECATION WARNING: please use MorganGenerator
[15:03:06] DEPRECATION WARNING: please use MorganGenerator
[15:03:06] DEPRECATION WARNING: please use MorganGenerator
[15:03:06] DEPRECATION WARNING: please use MorganGenerator
[15:03:06] DEPRECATION WARNING: please use MorganGenerator
[15:03:06] DEPRECATION WARNING: please use MorganGenerator
[15:03:06] DEPRECATION WARNING: please use MorganGenerator
[15:03:06] DEPRECATION WARNING: please use MorganGenerator
[15:03:06] DEPRECATION WARNING: please use MorganGenerator
[15:03:06] DEPRECATION WARNING: please use MorganGenerator
[15:03:06] DEPRECATION WARNING: please use MorganGenerator
[15:03:06] DEPRECATION WARNING: please use MorganGenerator
[15:03:06] DEPRECATION WARNING: please use MorganGenerator
[15:03:06] DEPRECATION WARNING: please use MorganGenerator
[15:03:06] DEPRECATION WARNING: please use MorganGenerator
[15:03:06] DEPRECATION WARNING: please use MorganGenerator
[15:03:06] DEPRECATION WARNING: please use MorganGenerator
[15:03:06] DEPRECATION WARNING: please use MorganGenerator
[15:03:06] DEPRECATION WARNING: please use MorganGenerator
[15:03:06] DEPRECATION WARNING: please use MorganGenerator
[15:03:06] DEPRECATION WARNING: please use MorganGenerator
[15:03:06] DEPRECATION WARNING: please use MorganGenerator
[15:03:06] DEPRECATION WARNING: please use MorganGenerator
[15:03:06] DEPRECATION WARNING: please use MorganGenerator
[15:03:06] DEPRECATION WARNING: please use MorganGenerator
[15:03:06] DEPRECATION WARNING: please use MorganGenerator
[15:03:06] DEPRECATION WARNING: please use MorganGenerator
[15:03:06] DEPRECATION WARNING: please use MorganGenerator
[15:03:06] DEPRECATION WARNING: please use MorganGenerator
[15:03:06] DEPRECATION WARNING: please use MorganGenerator
[15:03:06] DEPRECATION WARNING: please use MorganGenerator
[15:03:06] DEPRECATION WARNING: please use MorganGenerator
[15:03:06] DEPRECATION WARNING: please use MorganGenerator
[15:03:06] DEPRECATION WARNING: please use MorganGenerator
[15:03:06] DEPRECATION WARNING: please use MorganGenerator
[15:03:06] DEPRECATION WARNING: please use MorganGenerator
[15:03:06] DEPRECATION WARNING: please use MorganGenerator
[15:03:06] DEPRECATION WARNING: please use MorganGenerator
[15:03:06] DEPRECATION WARNING: please use MorganGenerator
[15:03:06] DEPRECATION WARNING: please use MorganGenerator
[15:03:06] DEPRECATION WARNING: please use MorganGenerator
[15:03:06] DEPRECATION WARNING: please use MorganGenerator
[15:03:06] DEPRECATION WARNING: please use MorganGenerator
[15:03:06] DEPRECATION WARNING: please use MorganGenerator
[15:03:06] DEPRECATION WARNING: please use MorganGenerator
[15:03:06] DEPRECATION WARNING: please use MorganGenerator
[15:03:06] DEPRECATION WARNING: please use MorganGenerator
[15:03:06] DEPRECATION WARNING: please use MorganGenerator
[15:03:06] DEPRECATION WARNING: please use MorganGenerator
[15:03:06] DEPRECATION WARNING: please use MorganGenerator
[15:03:06] DEPRECATION WARNING: please use MorganGenerator
[15:03:06] DEPRECATION WARNING: please use MorganGenerator
[15:03:06] DEPRECATION WARNING: please use MorganGenerator
[15:03:06] DEPRECATION WARNING: please use MorganGenerator
[15:03:06] DEPRECATION WARNING: please use MorganGenerator
[15:03:06] DEPRECATION WARNING: please use MorganGenerator
[15:03:06] DEPRECATION WARNING: please use MorganGenerator
[15:03:06] DEPRECATION WARNING: please use MorganGenerator
[15:03:06] DEPRECATION WARNING: please use MorganGenerator
[15:03:06] DEPRECATION WARNING: please use MorganGenerator
[15:03:06] DEPRECATION WARNING: please use MorganGenerator
[15:03:06] DEPRECATION WARNING: please use MorganGenerator
[15:03:06] DEPRECATION WARNING: please use MorganGenerator
[15:03:06] DEPRECATION WARNING: please use MorganGenerator
[15:03:06] DEPRECATION WARNING: please use MorganGenerator
[15:03:06] DEPRECATION WARNING: please use MorganGenerator
[15:03:06] DEPRECATION WARNING: please use MorganGenerator
[15:03:06] DEPRECATION WARNING: please use MorganGenerator
[15:03:06] DEPRECATION WARNING: please use MorganGenerator
[15:03:06] DEPRECATION WARNING: please use MorganGenerator
[15:03:06] DEPRECATION WARNING: please use MorganGenerator
[15:03:06] DEPRECATION WARNING: please use MorganGenerator
[15:03:06] DEPRECATION WARNING: please use MorganGenerator
[15:03:06] DEPRECATION WARNING: please use MorganGenerator
[15:03:06] DEPRECATION WARNING: please use MorganGenerator
[15:03:06] DEPRECATION WARNING: please use MorganGenerator
[15:03:06] DEPRECATION WARNING: please use MorganGenerator
[15:03:06] DEPRECATION WARNING: please use MorganGenerator
[15:03:06] DEPRECATION WARNING: please use MorganGenerator
[15:03:06] DEPRECATION WARNING: please use MorganGenerator
[15:03:06] DEPRECATION WARNING: please use MorganGenerator
[15:03:06] DEPRECATION WARNING: please use MorganGenerator
[15:03:06] DEPRECATION WARNING: please use MorganGenerator
[15:03:06] DEPRECATION WARNING: please use MorganGenerator
[15:03:06] DEPRECATION WARNING: please use MorganGenerator
[15:03:06] DEPRECATION WARNING: please use MorganGenerator
[15:03:06] DEPRECATION WARNING: please use MorganGenerator
[15:03:06] DEPRECATION WARNING: please use MorganGenerator
[15:03:06] DEPRECATION WARNING: please use MorganGenerator
[15:03:06] DEPRECATION WARNING: please use MorganGenerator
[15:03:06] DEPRECATION WARNING: please use MorganGenerator
[15:03:06] DEPRECATION WARNING: please use MorganGenerator
[15:03:06] DEPRECATION WARNING: please use MorganGenerator
[15:03:06] DEPRECATION WARNING: please use MorganGenerator
[15:03:06] DEPRECATION WARNING: please use MorganGenerator
[15:03:06] DEPRECATION WARNING: please use MorganGenerator
[15:03:06] DEPRECATION WARNING: please use MorganGenerator
[15:03:06] DEPRECATION WARNING: please use MorganGenerator
[15:03:06] DEPRECATION WARNING: please use MorganGenerator
[15:03:06] DEPRECATION WARNING: please use MorganGenerator
[15:03:06] DEPRECATION WARNING: please use MorganGenerator
[15:03:06] DEPRECATION WARNING: please use MorganGenerator
[15:03:06] DEPRECATION WARNING: please use MorganGenerator
[15:03:06] DEPRECATION WARNING: please use MorganGenerator
[15:03:06] DEPRECATION WARNING: please use MorganGenerator
[15:03:06] DEPRECATION WARNING: please use MorganGenerator
[15:03:06] DEPRECATION WARNING: please use MorganGenerator
[15:03:06] DEPRECATION WARNING: please use MorganGenerator
[15:03:06] DEPRECATION WARNING: please use MorganGenerator
[15:03:06] DEPRECATION WARNING: please use MorganGenerator
[15:03:06] DEPRECATION WARNING: please use MorganGenerator
[15:03:06] DEPRECATION WARNING: please use MorganGenerator
[15:03:06] DEPRECATION WARNING: please use MorganGenerator
[15:03:06] DEPRECATION WARNING: please use MorganGenerator
[15:03:06] DEPRECATION WARNING: please use MorganGenerator
[15:03:06] DEPRECATION WARNING: please use MorganGenerator
[15:03:06] DEPRECATION WARNING: please use MorganGenerator
[15:03:06] DEPRECATION WARNING: please use MorganGenerator
[15:03:06] DEPRECATION WARNING: please use MorganGenerator
[15:03:06] DEPRECATION WARNING: please use MorganGenerator
[15:03:06] DEPRECATION WARNING: please use MorganGenerator
[15:03:06] DEPRECATION WARNING: please use MorganGenerator
[15:03:06] DEPRECATION WARNING: please use MorganGenerator
[15:03:06] DEPRECATION WARNING: please use MorganGenerator
[15:03:06] DEPRECATION WARNING: please use MorganGenerator
[15:03:06] DEPRECATION WARNING: please use MorganGenerator
[15:03:06] DEPRECATION WARNING: please use MorganGenerator
[15:03:06] DEPRECATION WARNING: please use MorganGenerator
[15:03:06] DEPRECATION WARNING: please use MorganGenerator
[15:03:06] DEPRECATION WARNING: please use MorganGenerator
[15:03:06] DEPRECATION WARNING: please use MorganGenerator
[15:03:06] DEPRECATION WARNING: please use MorganGenerator
[15:03:06] DEPRECATION WARNING: please use MorganGenerator
[15:03:06] DEPRECATION WARNING: please use MorganGenerator
[15:03:06] DEPRECATION WARNING: please use MorganGenerator
[15:03:06] DEPRECATION WARNING: please use MorganGenerator
[15:03:06] DEPRECATION WARNING: please use MorganGenerator
[15:03:06] DEPRECATION WARNING: please use MorganGenerator
[15:03:06] DEPRECATION WARNING: please use MorganGenerator
[15:03:06] DEPRECATION WARNING: please use MorganGenerator
[15:03:06] DEPRECATION WARNING: please use MorganGenerator
[15:03:06] DEPRECATION WARNING: please use MorganGenerator
[15:03:06] DEPRECATION WARNING: please use MorganGenerator
[15:03:06] DEPRECATION WARNING: please use MorganGenerator
[15:03:06] DEPRECATION WARNING: please use MorganGenerator
[15:03:06] DEPRECATION WARNING: please use MorganGenerator
[15:03:06] DEPRECATION WARNING: please use MorganGenerator
[15:03:06] DEPRECATION WARNING: please use MorganGenerator
[15:03:06] DEPRECATION WARNING: please use MorganGenerator
[15:03:06] DEPRECATION WARNING: please use MorganGenerator
[15:03:06] DEPRECATION WARNING: please use MorganGenerator
[15:03:06] DEPRECATION WARNING: please use MorganGenerator
[15:03:06] DEPRECATION WARNING: please use MorganGenerator
[15:03:06] DEPRECATION WARNING: please use MorganGenerator
[15:03:06] DEPRECATION WARNING: please use MorganGenerator
[15:03:06] DEPRECATION WARNING: please use MorganGenerator
[15:03:06] DEPRECATION WARNING: please use MorganGenerator
[15:03:06] DEPRECATION WARNING: please use MorganGenerator
[15:03:06] DEPRECATION WARNING: please use MorganGenerator
[15:03:06] DEPRECATION WARNING: please use MorganGenerator
[15:03:06] DEPRECATION WARNING: please use MorganGenerator
[15:03:06] DEPRECATION WARNING: please use MorganGenerator
[15:03:06] DEPRECATION WARNING: please use MorganGenerator
[15:03:06] DEPRECATION WARNING: please use MorganGenerator
[15:03:06] DEPRECATION WARNING: please use MorganGenerator
[15:03:06] DEPRECATION WARNING: please use MorganGenerator
[15:03:06] DEPRECATION WARNING: please use MorganGenerator
[15:03:06] DEPRECATION WARNING: please use MorganGenerator
[15:03:06] DEPRECATION WARNING: please use MorganGenerator
[15:03:06] DEPRECATION WARNING: please use MorganGenerator
[15:03:06] DEPRECATION WARNING: please use MorganGenerator
[15:03:06] DEPRECATION WARNING: please use MorganGenerator
[15:03:06] DEPRECATION WARNING: please use MorganGenerator
[15:03:06] DEPRECATION WARNING: please use MorganGenerator
[15:03:06] DEPRECATION WARNING: please use MorganGenerator
[15:03:06] DEPRECATION WARNING: please use MorganGenerator
[15:03:06] DEPRECATION WARNING: please use MorganGenerator
[15:03:06] DEPRECATION WARNING: please use MorganGenerator
[15:03:06] DEPRECATION WARNING: please use MorganGenerator
[15:03:06] DEPRECATION WARNING: please use MorganGenerator
[15:03:06] DEPRECATION WARNING: please use MorganGenerator
[15:03:06] DEPRECATION WARNING: please use MorganGenerator
[15:03:06] DEPRECATION WARNING: please use MorganGenerator
[15:03:06] DEPRECATION WARNING: please use MorganGenerator
[15:03:06] DEPRECATION WARNING: please use MorganGenerator
[15:03:06] DEPRECATION WARNING: please use MorganGenerator
[15:03:06] DEPRECATION WARNING: please use MorganGenerator
[15:03:06] DEPRECATION WARNING: please use MorganGenerator
[15:03:06] DEPRECATION WARNING: please use MorganGenerator
[15:03:06] DEPRECATION WARNING: please use MorganGenerator
[15:03:06] DEPRECATION WARNING: please use MorganGenerator
[15:03:06] DEPRECATION WARNING: please use MorganGenerator
[15:03:06] DEPRECATION WARNING: please use MorganGenerator
[15:03:06] DEPRECATION WARNING: please use MorganGenerator
[15:03:06] DEPRECATION WARNING: please use MorganGenerator
[15:03:06] DEPRECATION WARNING: please use MorganGenerator
[15:03:06] DEPRECATION WARNING: please use MorganGenerator
[15:03:06] DEPRECATION WARNING: please use MorganGenerator
[15:03:06] DEPRECATION WARNING: please use MorganGenerator
[15:03:06] DEPRECATION WARNING: please use MorganGenerator
[15:03:06] DEPRECATION WARNING: please use MorganGenerator
[15:03:06] DEPRECATION WARNING: please use MorganGenerator
[15:03:06] DEPRECATION WARNING: please use MorganGenerator
[15:03:06] DEPRECATION WARNING: please use MorganGenerator
[15:03:06] DEPRECATION WARNING: please use MorganGenerator
[15:03:06] DEPRECATION WARNING: please use MorganGenerator
[15:03:06] DEPRECATION WARNING: please use MorganGenerator
[15:03:06] DEPRECATION WARNING: please use MorganGenerator
[15:03:06] DEPRECATION WARNING: please use MorganGenerator
[15:03:06] DEPRECATION WARNING: please use MorganGenerator
[15:03:06] DEPRECATION WARNING: please use MorganGenerator
[15:03:06] DEPRECATION WARNING: please use MorganGenerator
[15:03:06] DEPRECATION WARNING: please use MorganGenerator
[15:03:06] DEPRECATION WARNING: please use MorganGenerator
[15:03:06] DEPRECATION WARNING: please use MorganGenerator
[15:03:06] DEPRECATION WARNING: please use MorganGenerator
[15:03:06] DEPRECATION WARNING: please use MorganGenerator
[15:03:06] DEPRECATION WARNING: please use MorganGenerator
[15:03:06] DEPRECATION WARNING: please use MorganGenerator
[15:03:06] DEPRECATION WARNING: please use MorganGenerator
[15:03:06] DEPRECATION WARNING: please use MorganGenerator
[15:03:06] DEPRECATION WARNING: please use MorganGenerator
[15:03:06] DEPRECATION WARNING: please use MorganGenerator
[15:03:06] DEPRECATION WARNING: please use MorganGenerator
[15:03:06] DEPRECATION WARNING: please use MorganGenerator
[15:03:06] DEPRECATION WARNING: please use MorganGenerator
[15:03:06] DEPRECATION WARNING: please use MorganGenerator
[15:03:06] DEPRECATION WARNING: please use MorganGenerator
[15:03:06] DEPRECATION WARNING: please use MorganGenerator
[15:03:06] DEPRECATION WARNING: please use MorganGenerator
[15:03:06] DEPRECATION WARNING: please use MorganGenerator
[15:03:06] DEPRECATION WARNING: please use MorganGenerator
[15:03:06] DEPRECATION WARNING: please use MorganGenerator
[15:03:06] DEPRECATION WARNING: please use MorganGenerator
[15:03:06] DEPRECATION WARNING: please use MorganGenerator
[15:03:06] DEPRECATION WARNING: please use MorganGenerator
[15:03:06] DEPRECATION WARNING: please use MorganGenerator
[15:03:06] DEPRECATION WARNING: please use MorganGenerator
[15:03:06] DEPRECATION WARNING: please use MorganGenerator
[15:03:06] DEPRECATION WARNING: please use MorganGenerator
[15:03:06] DEPRECATION WARNING: please use MorganGenerator
[15:03:06] DEPRECATION WARNING: please use MorganGenerator
[15:03:06] DEPRECATION WARNING: please use MorganGenerator
[15:03:06] DEPRECATION WARNING: please use MorganGenerator
[15:03:06] DEPRECATION WARNING: please use MorganGenerator
[15:03:06] DEPRECATION WARNING: please use MorganGenerator
[15:03:06] DEPRECATION WARNING: please use MorganGenerator
[15:03:06] DEPRECATION WARNING: please use MorganGenerator
[15:03:06] DEPRECATION WARNING: please use MorganGenerator
[15:03:06] DEPRECATION WARNING: please use MorganGenerator
[15:03:06] DEPRECATION WARNING: please use MorganGenerator
[15:03:06] DEPRECATION WARNING: please use MorganGenerator
[15:03:06] DEPRECATION WARNING: please use MorganGenerator
[15:03:06] DEPRECATION WARNING: please use MorganGenerator
[15:03:06] DEPRECATION WARNING: please use MorganGenerator
[15:03:06] DEPRECATION WARNING: please use MorganGenerator
[15:03:06] DEPRECATION WARNING: please use MorganGenerator
[15:03:06] DEPRECATION WARNING: please use MorganGenerator
[15:03:06] DEPRECATION WARNING: please use MorganGenerator
[15:03:06] DEPRECATION WARNING: please use MorganGenerator
[15:03:06] DEPRECATION WARNING: please use MorganGenerator
[15:03:06] DEPRECATION WARNING: please use MorganGenerator
[15:03:06] DEPRECATION WARNING: please use MorganGenerator
[15:03:06] DEPRECATION WARNING: please use MorganGenerator
[15:03:06] DEPRECATION WARNING: please use MorganGenerator
[15:03:07] DEPRECATION WARNING: please use MorganGenerator
[15:03:07] DEPRECATION WARNING: please use MorganGenerator
[15:03:07] DEPRECATION WARNING: please use MorganGenerator
[15:03:07] DEPRECATION WARNING: please use MorganGenerator
[15:03:07] DEPRECATION WARNING: please use MorganGenerator
[15:03:07] DEPRECATION WARNING: please use MorganGenerator
[15:03:07] DEPRECATION WARNING: please use MorganGenerator
[15:03:07] DEPRECATION WARNING: please use MorganGenerator
[15:03:07] DEPRECATION WARNING: please use MorganGenerator
[15:03:07] DEPRECATION WARNING: please use MorganGenerator
[15:03:07] DEPRECATION WARNING: please use MorganGenerator
[15:03:07] DEPRECATION WARNING: please use MorganGenerator
[15:03:07] DEPRECATION WARNING: please use MorganGenerator
[15:03:07] DEPRECATION WARNING: please use MorganGenerator
[15:03:07] DEPRECATION WARNING: please use MorganGenerator
[15:03:07] DEPRECATION WARNING: please use MorganGenerator
[15:03:07] DEPRECATION WARNING: please use MorganGenerator
[15:03:07] DEPRECATION WARNING: please use MorganGenerator
[15:03:07] DEPRECATION WARNING: please use MorganGenerator
[15:03:07] DEPRECATION WARNING: please use MorganGenerator
[15:03:07] DEPRECATION WARNING: please use MorganGenerator
[15:03:07] DEPRECATION WARNING: please use MorganGenerator
[15:03:07] DEPRECATION WARNING: please use MorganGenerator
[15:03:07] DEPRECATION WARNING: please use MorganGenerator
[15:03:07] DEPRECATION WARNING: please use MorganGenerator
[15:03:07] DEPRECATION WARNING: please use MorganGenerator
[15:03:07] DEPRECATION WARNING: please use MorganGenerator
[15:03:07] DEPRECATION WARNING: please use MorganGenerator
[15:03:07] DEPRECATION WARNING: please use MorganGenerator
[15:03:07] DEPRECATION WARNING: please use MorganGenerator
[15:03:07] DEPRECATION WARNING: please use MorganGenerator
[15:03:07] DEPRECATION WARNING: please use MorganGenerator
[15:03:07] DEPRECATION WARNING: please use MorganGenerator
[15:03:07] DEPRECATION WARNING: please use MorganGenerator
[15:03:07] DEPRECATION WARNING: please use MorganGenerator
[15:03:07] DEPRECATION WARNING: please use MorganGenerator
[15:03:07] DEPRECATION WARNING: please use MorganGenerator
[15:03:07] DEPRECATION WARNING: please use MorganGenerator
[15:03:07] DEPRECATION WARNING: please use MorganGenerator
[15:03:07] DEPRECATION WARNING: please use MorganGenerator
[15:03:07] DEPRECATION WARNING: please use MorganGenerator
[15:03:07] DEPRECATION WARNING: please use MorganGenerator
[15:03:07] DEPRECATION WARNING: please use MorganGenerator
[15:03:07] DEPRECATION WARNING: please use MorganGenerator
[15:03:07] DEPRECATION WARNING: please use MorganGenerator
[15:03:07] DEPRECATION WARNING: please use MorganGenerator
[15:03:07] DEPRECATION WARNING: please use MorganGenerator
[15:03:07] DEPRECATION WARNING: please use MorganGenerator
[15:03:07] DEPRECATION WARNING: please use MorganGenerator
[15:03:07] DEPRECATION WARNING: please use MorganGenerator
[15:03:07] DEPRECATION WARNING: please use MorganGenerator
[15:03:07] DEPRECATION WARNING: please use MorganGenerator
[15:03:07] DEPRECATION WARNING: please use MorganGenerator
[15:03:07] DEPRECATION WARNING: please use MorganGenerator
[15:03:07] DEPRECATION WARNING: please use MorganGenerator
[15:03:07] DEPRECATION WARNING: please use MorganGenerator
[15:03:07] DEPRECATION WARNING: please use MorganGenerator
[15:03:07] DEPRECATION WARNING: please use MorganGenerator
[15:03:07] DEPRECATION WARNING: please use MorganGenerator
[15:03:07] DEPRECATION WARNING: please use MorganGenerator
[15:03:07] DEPRECATION WARNING: please use MorganGenerator
[15:03:07] DEPRECATION WARNING: please use MorganGenerator
[15:03:07] DEPRECATION WARNING: please use MorganGenerator
[15:03:07] DEPRECATION WARNING: please use MorganGenerator
[15:03:07] DEPRECATION WARNING: please use MorganGenerator
[15:03:07] DEPRECATION WARNING: please use MorganGenerator
[15:03:07] DEPRECATION WARNING: please use MorganGenerator
[15:03:07] DEPRECATION WARNING: please use MorganGenerator
[15:03:07] DEPRECATION WARNING: please use MorganGenerator
[15:03:07] DEPRECATION WARNING: please use MorganGenerator
[15:03:07] DEPRECATION WARNING: please use MorganGenerator
[15:03:07] DEPRECATION WARNING: please use MorganGenerator
[15:03:07] DEPRECATION WARNING: please use MorganGenerator
[15:03:07] DEPRECATION WARNING: please use MorganGenerator
[15:03:07] DEPRECATION WARNING: please use MorganGenerator
[15:03:07] DEPRECATION WARNING: please use MorganGenerator
[15:03:07] DEPRECATION WARNING: please use MorganGenerator
[15:03:07] DEPRECATION WARNING: please use MorganGenerator
[15:03:07] DEPRECATION WARNING: please use MorganGenerator
[15:03:07] DEPRECATION WARNING: please use MorganGenerator
[15:03:07] DEPRECATION WARNING: please use MorganGenerator
[15:03:07] DEPRECATION WARNING: please use MorganGenerator
[15:03:07] DEPRECATION WARNING: please use MorganGenerator
[15:03:07] DEPRECATION WARNING: please use MorganGenerator
[15:03:07] DEPRECATION WARNING: please use MorganGenerator
[15:03:07] DEPRECATION WARNING: please use MorganGenerator
[15:03:07] DEPRECATION WARNING: please use MorganGenerator
[15:03:07] DEPRECATION WARNING: please use MorganGenerator
[15:03:07] DEPRECATION WARNING: please use MorganGenerator
[15:03:07] DEPRECATION WARNING: please use MorganGenerator
[15:03:07] DEPRECATION WARNING: please use MorganGenerator
[15:03:07] DEPRECATION WARNING: please use MorganGenerator
[15:03:07] DEPRECATION WARNING: please use MorganGenerator
[15:03:07] DEPRECATION WARNING: please use MorganGenerator
[15:03:07] DEPRECATION WARNING: please use MorganGenerator
[15:03:07] DEPRECATION WARNING: please use MorganGenerator
[15:03:07] DEPRECATION WARNING: please use MorganGenerator
[15:03:07] DEPRECATION WARNING: please use MorganGenerator
[15:03:07] DEPRECATION WARNING: please use MorganGenerator
[15:03:07] DEPRECATION WARNING: please use MorganGenerator
[15:03:07] DEPRECATION WARNING: please use MorganGenerator
[15:03:07] DEPRECATION WARNING: please use MorganGenerator
[15:03:07] DEPRECATION WARNING: please use MorganGenerator
[15:03:07] DEPRECATION WARNING: please use MorganGenerator
[15:03:07] DEPRECATION WARNING: please use MorganGenerator
[15:03:07] DEPRECATION WARNING: please use MorganGenerator
[15:03:07] DEPRECATION WARNING: please use MorganGenerator
[15:03:07] DEPRECATION WARNING: please use MorganGenerator
[15:03:07] DEPRECATION WARNING: please use MorganGenerator
[15:03:07] DEPRECATION WARNING: please use MorganGenerator
[15:03:07] DEPRECATION WARNING: please use MorganGenerator
[15:03:07] DEPRECATION WARNING: please use MorganGenerator
[15:03:07] DEPRECATION WARNING: please use MorganGenerator
[15:03:07] DEPRECATION WARNING: please use MorganGenerator
[15:03:07] DEPRECATION WARNING: please use MorganGenerator
[15:03:07] DEPRECATION WARNING: please use MorganGenerator
[15:03:07] DEPRECATION WARNING: please use MorganGenerator
[15:03:07] DEPRECATION WARNING: please use MorganGenerator
[15:03:07] DEPRECATION WARNING: please use MorganGenerator
[15:03:07] DEPRECATION WARNING: please use MorganGenerator
[15:03:07] DEPRECATION WARNING: please use MorganGenerator
[15:03:07] DEPRECATION WARNING: please use MorganGenerator
[15:03:07] DEPRECATION WARNING: please use MorganGenerator
[15:03:07] DEPRECATION WARNING: please use MorganGenerator
[15:03:07] DEPRECATION WARNING: please use MorganGenerator
[15:03:07] DEPRECATION WARNING: please use MorganGenerator
[15:03:07] DEPRECATION WARNING: please use MorganGenerator
[15:03:07] DEPRECATION WARNING: please use MorganGenerator
[15:03:07] DEPRECATION WARNING: please use MorganGenerator
[15:03:07] DEPRECATION WARNING: please use MorganGenerator
[15:03:07] DEPRECATION WARNING: please use MorganGenerator
[15:03:07] DEPRECATION WARNING: please use MorganGenerator
[15:03:07] DEPRECATION WARNING: please use MorganGenerator
[15:03:07] DEPRECATION WARNING: please use MorganGenerator
[15:03:07] DEPRECATION WARNING: please use MorganGenerator
[15:03:07] DEPRECATION WARNING: please use MorganGenerator
[15:03:07] DEPRECATION WARNING: please use MorganGenerator
[15:03:07] DEPRECATION WARNING: please use MorganGenerator
[15:03:07] DEPRECATION WARNING: please use MorganGenerator
[15:03:07] DEPRECATION WARNING: please use MorganGenerator
[15:03:07] DEPRECATION WARNING: please use MorganGenerator
[15:03:07] DEPRECATION WARNING: please use MorganGenerator
[15:03:07] DEPRECATION WARNING: please use MorganGenerator
[15:03:07] DEPRECATION WARNING: please use MorganGenerator
[15:03:07] DEPRECATION WARNING: please use MorganGenerator
[15:03:07] DEPRECATION WARNING: please use MorganGenerator
[15:03:07] DEPRECATION WARNING: please use MorganGenerator
[15:03:07] DEPRECATION WARNING: please use MorganGenerator
[15:03:07] DEPRECATION WARNING: please use MorganGenerator
[15:03:07] DEPRECATION WARNING: please use MorganGenerator
[15:03:07] DEPRECATION WARNING: please use MorganGenerator
[15:03:07] DEPRECATION WARNING: please use MorganGenerator
[15:03:07] DEPRECATION WARNING: please use MorganGenerator
[15:03:07] DEPRECATION WARNING: please use MorganGenerator
[15:03:07] DEPRECATION WARNING: please use MorganGenerator
[15:03:07] DEPRECATION WARNING: please use MorganGenerator
[15:03:07] DEPRECATION WARNING: please use MorganGenerator
[15:03:07] DEPRECATION WARNING: please use MorganGenerator
[15:03:07] DEPRECATION WARNING: please use MorganGenerator
[15:03:07] DEPRECATION WARNING: please use MorganGenerator
[15:03:07] DEPRECATION WARNING: please use MorganGenerator
[15:03:07] DEPRECATION WARNING: please use MorganGenerator
[15:03:07] DEPRECATION WARNING: please use MorganGenerator
[15:03:07] DEPRECATION WARNING: please use MorganGenerator
[15:03:07] DEPRECATION WARNING: please use MorganGenerator
[15:03:07] DEPRECATION WARNING: please use MorganGenerator
[15:03:07] DEPRECATION WARNING: please use MorganGenerator
[15:03:07] DEPRECATION WARNING: please use MorganGenerator
[15:03:07] DEPRECATION WARNING: please use MorganGenerator
[15:03:07] DEPRECATION WARNING: please use MorganGenerator
[15:03:07] DEPRECATION WARNING: please use MorganGenerator
[15:03:07] DEPRECATION WARNING: please use MorganGenerator
[15:03:07] DEPRECATION WARNING: please use MorganGenerator
[15:03:07] DEPRECATION WARNING: please use MorganGenerator
[15:03:07] DEPRECATION WARNING: please use MorganGenerator
[15:03:07] DEPRECATION WARNING: please use MorganGenerator
[15:03:07] DEPRECATION WARNING: please use MorganGenerator
[15:03:07] DEPRECATION WARNING: please use MorganGenerator
[15:03:07] DEPRECATION WARNING: please use MorganGenerator
[15:03:07] DEPRECATION WARNING: please use MorganGenerator
[15:03:07] DEPRECATION WARNING: please use MorganGenerator
[15:03:07] DEPRECATION WARNING: please use MorganGenerator
[15:03:07] DEPRECATION WARNING: please use MorganGenerator
[15:03:07] DEPRECATION WARNING: please use MorganGenerator
[15:03:07] DEPRECATION WARNING: please use MorganGenerator
[15:03:07] DEPRECATION WARNING: please use MorganGenerator
[15:03:07] DEPRECATION WARNING: please use MorganGenerator
[15:03:07] DEPRECATION WARNING: please use MorganGenerator
[15:03:07] DEPRECATION WARNING: please use MorganGenerator
[15:03:07] DEPRECATION WARNING: please use MorganGenerator
[15:03:07] DEPRECATION WARNING: please use MorganGenerator
[15:03:07] DEPRECATION WARNING: please use MorganGenerator
[15:03:07] DEPRECATION WARNING: please use MorganGenerator
[15:03:07] DEPRECATION WARNING: please use MorganGenerator
[15:03:07] DEPRECATION WARNING: please use MorganGenerator
[15:03:07] DEPRECATION WARNING: please use MorganGenerator
[15:03:07] DEPRECATION WARNING: please use MorganGenerator
[15:03:07] DEPRECATION WARNING: please use MorganGenerator
[15:03:07] DEPRECATION WARNING: please use MorganGenerator
[15:03:07] DEPRECATION WARNING: please use MorganGenerator
[15:03:07] DEPRECATION WARNING: please use MorganGenerator
[15:03:07] DEPRECATION WARNING: please use MorganGenerator
[15:03:07] DEPRECATION WARNING: please use MorganGenerator
[15:03:07] DEPRECATION WARNING: please use MorganGenerator
[15:03:07] DEPRECATION WARNING: please use MorganGenerator
[15:03:07] DEPRECATION WARNING: please use MorganGenerator
[15:03:07] DEPRECATION WARNING: please use MorganGenerator
[15:03:07] DEPRECATION WARNING: please use MorganGenerator
[15:03:07] DEPRECATION WARNING: please use MorganGenerator
[15:03:07] DEPRECATION WARNING: please use MorganGenerator
[15:03:07] DEPRECATION WARNING: please use MorganGenerator
[15:03:07] DEPRECATION WARNING: please use MorganGenerator
[15:03:07] DEPRECATION WARNING: please use MorganGenerator
[15:03:07] DEPRECATION WARNING: please use MorganGenerator
[15:03:07] DEPRECATION WARNING: please use MorganGenerator
[15:03:07] DEPRECATION WARNING: please use MorganGenerator
[15:03:07] DEPRECATION WARNING: please use MorganGenerator
PyTorch version: 2.5.1
Num GPUs Available: 1
CUDA Available: True
CUDA Version: 12.4
Memory allocated: 0.0 MB
Max memory allocated: 0.0 MB
/home/haarscheid/.conda/envs/GNN3/lib/python3.10/site-packages/torchmetrics/utilities/prints.py:43: FutureWarning: The default value for `maximize` will be changed from `True` to `None` in v1.7.0 of TorchMetrics,will automatically infer the value based on the `higher_is_better` attribute of the metric (if such attribute exists) or raise an error if it does not. If you are explicitly setting the `maximize` argument to either `True` or `False` already, you can ignore this warning.
  warnings.warn(*args, **kwargs)  # noqa: B028
Lazy layers initialized successfully with a real batch instance.
Running on device: cuda:0
slurmstepd: error: *** JOB 903555 ON n-hpc-gz6 CANCELLED AT 2024-12-17T15:17:35 ***
